2023-09-22T14:50:13.323+08:00  INFO 10408 --- [main] com.example.demo.DemoApplication         : Starting DemoApplication using Java 17.0.8 with PID 10408 (D:\code\java\demo\build\classes\java\main started by liu__ in D:\code\java\demo)
2023-09-22T14:50:13.336+08:00  INFO 10408 --- [main] com.example.demo.DemoApplication         : No active profile set, falling back to 1 default profile: "default"
2023-09-22T14:50:14.133+08:00  INFO 10408 --- [main] .s.d.r.c.RepositoryConfigurationDelegate : Bootstrapping Spring Data JPA repositories in DEFAULT mode.
2023-09-22T14:50:14.195+08:00  INFO 10408 --- [main] .s.d.r.c.RepositoryConfigurationDelegate : Finished Spring Data repository scanning in 56 ms. Found 4 JPA repository interfaces.
2023-09-22T14:50:14.680+08:00  INFO 10408 --- [main] o.s.b.w.embedded.tomcat.TomcatWebServer  : Tomcat initialized with port(s): 8090 (http)
2023-09-22T14:50:14.688+08:00  INFO 10408 --- [main] o.apache.catalina.core.StandardService   : Starting service [Tomcat]
2023-09-22T14:50:14.689+08:00  INFO 10408 --- [main] o.apache.catalina.core.StandardEngine    : Starting Servlet engine: [Apache Tomcat/10.1.12]
2023-09-22T14:50:14.765+08:00  INFO 10408 --- [main] o.a.c.c.C.[Tomcat].[localhost].[/]       : Initializing Spring embedded WebApplicationContext
2023-09-22T14:50:14.765+08:00  INFO 10408 --- [main] w.s.c.ServletWebServerApplicationContext : Root WebApplicationContext: initialization completed in 1379 ms
2023-09-22T14:50:14.960+08:00  INFO 10408 --- [main] o.hibernate.jpa.internal.util.LogHelper  : HHH000204: Processing PersistenceUnitInfo [name: default]
2023-09-22T14:50:15.028+08:00  INFO 10408 --- [main] org.hibernate.Version                    : HHH000412: Hibernate ORM core version 6.2.7.Final
2023-09-22T14:50:15.030+08:00  INFO 10408 --- [main] org.hibernate.cfg.Environment            : HHH000406: Using bytecode reflection optimizer
2023-09-22T14:50:15.180+08:00  INFO 10408 --- [main] o.h.b.i.BytecodeProviderInitiator        : HHH000021: Bytecode provider name : bytebuddy
2023-09-22T14:50:15.333+08:00  INFO 10408 --- [main] o.s.o.j.p.SpringPersistenceUnitInfo      : No LoadTimeWeaver setup: ignoring JPA class transformer
2023-09-22T14:50:15.349+08:00  INFO 10408 --- [main] com.zaxxer.hikari.HikariDataSource       : HikariPool-1 - Starting...
2023-09-22T14:50:15.745+08:00  INFO 10408 --- [main] com.zaxxer.hikari.pool.HikariPool        : HikariPool-1 - Added connection com.mysql.cj.jdbc.ConnectionImpl@1073c664
2023-09-22T14:50:15.747+08:00  INFO 10408 --- [main] com.zaxxer.hikari.HikariDataSource       : HikariPool-1 - Start completed.
2023-09-22T14:50:16.130+08:00  INFO 10408 --- [main] o.h.b.i.BytecodeProviderInitiator        : HHH000021: Bytecode provider name : bytebuddy
2023-09-22T14:50:16.786+08:00  INFO 10408 --- [main] o.h.e.t.j.p.i.JtaPlatformInitiator       : HHH000490: Using JtaPlatform implementation: [org.hibernate.engine.transaction.jta.platform.internal.NoJtaPlatform]
2023-09-22T14:50:18.096+08:00  INFO 10408 --- [main] j.LocalContainerEntityManagerFactoryBean : Initialized JPA EntityManagerFactory for persistence unit 'default'
2023-09-22T14:50:18.535+08:00  WARN 10408 --- [main] JpaBaseConfiguration$JpaWebConfiguration : spring.jpa.open-in-view is enabled by default. Therefore, database queries may be performed during view rendering. Explicitly configure spring.jpa.open-in-view to disable this warning
2023-09-22T14:50:18.802+08:00  INFO 10408 --- [main] o.s.b.a.e.web.EndpointLinksResolver      : Exposing 1 endpoint(s) beneath base path '/actuator'
2023-09-22T14:50:18.837+08:00  INFO 10408 --- [main] o.s.s.web.DefaultSecurityFilterChain     : Will secure any request with [org.springframework.security.web.session.DisableEncodeUrlFilter@64dcfd09, org.springframework.security.web.context.request.async.WebAsyncManagerIntegrationFilter@fefd4a2, org.springframework.security.web.context.SecurityContextHolderFilter@17e725fb, org.springframework.security.web.header.HeaderWriterFilter@29390110, org.springframework.security.web.authentication.logout.LogoutFilter@179f30b7, com.example.demo.security.filter.LoginFilter@7bc3c59f, org.springframework.security.web.authentication.UsernamePasswordAuthenticationFilter@2f307fcc, org.springframework.security.web.savedrequest.RequestCacheAwareFilter@77350382, org.springframework.security.web.servletapi.SecurityContextHolderAwareRequestFilter@74ec4df3, org.springframework.security.web.authentication.rememberme.RememberMeAuthenticationFilter@7f72855d, org.springframework.security.web.access.ExceptionTranslationFilter@12921ee1, org.springframework.security.web.access.intercept.AuthorizationFilter@5c960f64]
2023-09-22T14:50:18.839+08:00  WARN 10408 --- [main] o.s.s.c.a.web.builders.WebSecurity       : You are asking Spring Security to ignore Mvc [pattern='/assets/**']. This is not recommended -- please use permitAll via HttpSecurity#authorizeHttpRequests instead.
2023-09-22T14:50:18.839+08:00  INFO 10408 --- [main] o.s.s.web.DefaultSecurityFilterChain     : Will not secure Mvc [pattern='/assets/**']
2023-09-22T14:50:18.839+08:00  WARN 10408 --- [main] o.s.s.c.a.web.builders.WebSecurity       : You are asking Spring Security to ignore Mvc [pattern='/**', OPTIONS]. This is not recommended -- please use permitAll via HttpSecurity#authorizeHttpRequests instead.
2023-09-22T14:50:18.839+08:00  INFO 10408 --- [main] o.s.s.web.DefaultSecurityFilterChain     : Will not secure Mvc [pattern='/**', OPTIONS]
2023-09-22T14:50:19.103+08:00  INFO 10408 --- [main] o.s.b.w.embedded.tomcat.TomcatWebServer  : Tomcat started on port(s): 8090 (http) with context path ''
2023-09-22T14:50:19.114+08:00  INFO 10408 --- [main] com.example.demo.DemoApplication         : Started DemoApplication in 6.157 seconds (process running for 7.074)
2023-09-22T14:50:19.804+08:00  INFO 10408 --- [RMI TCP Connection(2)-192.168.203.1] o.a.c.c.C.[Tomcat].[localhost].[/]       : Initializing Spring DispatcherServlet 'dispatcherServlet'
2023-09-22T14:50:19.804+08:00  INFO 10408 --- [RMI TCP Connection(2)-192.168.203.1] o.s.web.servlet.DispatcherServlet        : Initializing Servlet 'dispatcherServlet'
2023-09-22T14:50:19.805+08:00  INFO 10408 --- [RMI TCP Connection(2)-192.168.203.1] o.s.web.servlet.DispatcherServlet        : Completed initialization in 1 ms
2023-09-22T14:51:50.562+08:00  INFO 10408 --- [SpringApplicationShutdownHook] j.LocalContainerEntityManagerFactoryBean : Closing JPA EntityManagerFactory for persistence unit 'default'
2023-09-22T14:51:50.564+08:00  INFO 10408 --- [SpringApplicationShutdownHook] com.zaxxer.hikari.HikariDataSource       : HikariPool-1 - Shutdown initiated...
2023-09-22T14:51:50.570+08:00  INFO 10408 --- [SpringApplicationShutdownHook] com.zaxxer.hikari.HikariDataSource       : HikariPool-1 - Shutdown completed.
2023-09-22T14:51:55.293+08:00  INFO 18304 --- [main] com.example.demo.DemoApplication         : Starting DemoApplication using Java 17.0.8 with PID 18304 (D:\code\java\demo\build\classes\java\main started by liu__ in D:\code\java\demo)
2023-09-22T14:51:55.295+08:00  INFO 18304 --- [main] com.example.demo.DemoApplication         : No active profile set, falling back to 1 default profile: "default"
2023-09-22T14:51:56.017+08:00  INFO 18304 --- [main] .s.d.r.c.RepositoryConfigurationDelegate : Bootstrapping Spring Data JPA repositories in DEFAULT mode.
2023-09-22T14:51:56.075+08:00  INFO 18304 --- [main] .s.d.r.c.RepositoryConfigurationDelegate : Finished Spring Data repository scanning in 52 ms. Found 4 JPA repository interfaces.
2023-09-22T14:51:56.581+08:00  INFO 18304 --- [main] o.s.b.w.embedded.tomcat.TomcatWebServer  : Tomcat initialized with port(s): 8090 (http)
2023-09-22T14:51:56.590+08:00  INFO 18304 --- [main] o.apache.catalina.core.StandardService   : Starting service [Tomcat]
2023-09-22T14:51:56.590+08:00  INFO 18304 --- [main] o.apache.catalina.core.StandardEngine    : Starting Servlet engine: [Apache Tomcat/10.1.12]
2023-09-22T14:51:56.678+08:00  INFO 18304 --- [main] o.a.c.c.C.[Tomcat].[localhost].[/]       : Initializing Spring embedded WebApplicationContext
2023-09-22T14:51:56.679+08:00  INFO 18304 --- [main] w.s.c.ServletWebServerApplicationContext : Root WebApplicationContext: initialization completed in 1346 ms
2023-09-22T14:51:56.879+08:00  INFO 18304 --- [main] o.hibernate.jpa.internal.util.LogHelper  : HHH000204: Processing PersistenceUnitInfo [name: default]
2023-09-22T14:51:56.923+08:00  INFO 18304 --- [main] org.hibernate.Version                    : HHH000412: Hibernate ORM core version 6.2.7.Final
2023-09-22T14:51:56.925+08:00  INFO 18304 --- [main] org.hibernate.cfg.Environment            : HHH000406: Using bytecode reflection optimizer
2023-09-22T14:51:57.043+08:00  INFO 18304 --- [main] o.h.b.i.BytecodeProviderInitiator        : HHH000021: Bytecode provider name : bytebuddy
2023-09-22T14:51:57.176+08:00  INFO 18304 --- [main] o.s.o.j.p.SpringPersistenceUnitInfo      : No LoadTimeWeaver setup: ignoring JPA class transformer
2023-09-22T14:51:57.191+08:00  INFO 18304 --- [main] com.zaxxer.hikari.HikariDataSource       : HikariPool-1 - Starting...
2023-09-22T14:51:57.584+08:00  INFO 18304 --- [main] com.zaxxer.hikari.pool.HikariPool        : HikariPool-1 - Added connection com.mysql.cj.jdbc.ConnectionImpl@3e04abc5
2023-09-22T14:51:57.586+08:00  INFO 18304 --- [main] com.zaxxer.hikari.HikariDataSource       : HikariPool-1 - Start completed.
2023-09-22T14:51:57.943+08:00  INFO 18304 --- [main] o.h.b.i.BytecodeProviderInitiator        : HHH000021: Bytecode provider name : bytebuddy
2023-09-22T14:51:58.545+08:00  INFO 18304 --- [main] o.h.e.t.j.p.i.JtaPlatformInitiator       : HHH000490: Using JtaPlatform implementation: [org.hibernate.engine.transaction.jta.platform.internal.NoJtaPlatform]
2023-09-22T14:51:59.596+08:00  INFO 18304 --- [main] j.LocalContainerEntityManagerFactoryBean : Initialized JPA EntityManagerFactory for persistence unit 'default'
2023-09-22T14:52:00.007+08:00  WARN 18304 --- [main] JpaBaseConfiguration$JpaWebConfiguration : spring.jpa.open-in-view is enabled by default. Therefore, database queries may be performed during view rendering. Explicitly configure spring.jpa.open-in-view to disable this warning
2023-09-22T14:52:00.255+08:00  INFO 18304 --- [main] o.s.b.a.e.web.EndpointLinksResolver      : Exposing 1 endpoint(s) beneath base path '/actuator'
2023-09-22T14:52:00.289+08:00  INFO 18304 --- [main] o.s.s.web.DefaultSecurityFilterChain     : Will secure any request with [org.springframework.security.web.session.DisableEncodeUrlFilter@495a9305, org.springframework.security.web.context.request.async.WebAsyncManagerIntegrationFilter@6a0a0f12, org.springframework.security.web.context.SecurityContextHolderFilter@57330423, org.springframework.security.web.header.HeaderWriterFilter@58a5b69c, org.springframework.security.web.authentication.logout.LogoutFilter@655d5285, com.example.demo.security.filter.LoginFilter@2c02cf78, org.springframework.security.web.authentication.UsernamePasswordAuthenticationFilter@149ef64a, org.springframework.security.web.savedrequest.RequestCacheAwareFilter@c3e5e3c, org.springframework.security.web.servletapi.SecurityContextHolderAwareRequestFilter@381c826c, org.springframework.security.web.authentication.rememberme.RememberMeAuthenticationFilter@2e41b65a, org.springframework.security.web.access.ExceptionTranslationFilter@3f9ee527, org.springframework.security.web.access.intercept.AuthorizationFilter@7d43c89f]
2023-09-22T14:52:00.536+08:00  INFO 18304 --- [main] o.s.b.w.embedded.tomcat.TomcatWebServer  : Tomcat started on port(s): 8090 (http) with context path ''
2023-09-22T14:52:00.547+08:00  INFO 18304 --- [main] com.example.demo.DemoApplication         : Started DemoApplication in 5.59 seconds (process running for 6.161)
2023-09-22T14:52:00.737+08:00  INFO 18304 --- [RMI TCP Connection(3)-192.168.203.1] o.a.c.c.C.[Tomcat].[localhost].[/]       : Initializing Spring DispatcherServlet 'dispatcherServlet'
2023-09-22T14:52:00.737+08:00  INFO 18304 --- [RMI TCP Connection(3)-192.168.203.1] o.s.web.servlet.DispatcherServlet        : Initializing Servlet 'dispatcherServlet'
2023-09-22T14:52:00.738+08:00  INFO 18304 --- [RMI TCP Connection(3)-192.168.203.1] o.s.web.servlet.DispatcherServlet        : Completed initialization in 1 ms
2023-09-22T15:10:51.947+08:00  INFO 18304 --- [SpringApplicationShutdownHook] j.LocalContainerEntityManagerFactoryBean : Closing JPA EntityManagerFactory for persistence unit 'default'
2023-09-22T15:10:51.949+08:00  INFO 18304 --- [SpringApplicationShutdownHook] com.zaxxer.hikari.HikariDataSource       : HikariPool-1 - Shutdown initiated...
2023-09-22T15:10:51.955+08:00  INFO 18304 --- [SpringApplicationShutdownHook] com.zaxxer.hikari.HikariDataSource       : HikariPool-1 - Shutdown completed.
2023-09-22T15:10:56.754+08:00  INFO 4208 --- [main] com.example.demo.DemoApplication         : Starting DemoApplication using Java 17.0.8 with PID 4208 (D:\code\java\demo\build\classes\java\main started by liu__ in D:\code\java\demo)
2023-09-22T15:10:56.756+08:00  INFO 4208 --- [main] com.example.demo.DemoApplication         : No active profile set, falling back to 1 default profile: "default"
2023-09-22T15:10:57.458+08:00  INFO 4208 --- [main] .s.d.r.c.RepositoryConfigurationDelegate : Bootstrapping Spring Data JPA repositories in DEFAULT mode.
2023-09-22T15:10:57.517+08:00  INFO 4208 --- [main] .s.d.r.c.RepositoryConfigurationDelegate : Finished Spring Data repository scanning in 51 ms. Found 4 JPA repository interfaces.
2023-09-22T15:10:57.954+08:00  INFO 4208 --- [main] o.s.b.w.embedded.tomcat.TomcatWebServer  : Tomcat initialized with port(s): 8090 (http)
2023-09-22T15:10:57.964+08:00  INFO 4208 --- [main] o.apache.catalina.core.StandardService   : Starting service [Tomcat]
2023-09-22T15:10:57.965+08:00  INFO 4208 --- [main] o.apache.catalina.core.StandardEngine    : Starting Servlet engine: [Apache Tomcat/10.1.12]
2023-09-22T15:10:58.058+08:00  INFO 4208 --- [main] o.a.c.c.C.[Tomcat].[localhost].[/]       : Initializing Spring embedded WebApplicationContext
2023-09-22T15:10:58.059+08:00  INFO 4208 --- [main] w.s.c.ServletWebServerApplicationContext : Root WebApplicationContext: initialization completed in 1268 ms
2023-09-22T15:10:58.258+08:00  INFO 4208 --- [main] o.hibernate.jpa.internal.util.LogHelper  : HHH000204: Processing PersistenceUnitInfo [name: default]
2023-09-22T15:10:58.311+08:00  INFO 4208 --- [main] org.hibernate.Version                    : HHH000412: Hibernate ORM core version 6.2.7.Final
2023-09-22T15:10:58.314+08:00  INFO 4208 --- [main] org.hibernate.cfg.Environment            : HHH000406: Using bytecode reflection optimizer
2023-09-22T15:10:58.464+08:00  INFO 4208 --- [main] o.h.b.i.BytecodeProviderInitiator        : HHH000021: Bytecode provider name : bytebuddy
2023-09-22T15:10:58.614+08:00  INFO 4208 --- [main] o.s.o.j.p.SpringPersistenceUnitInfo      : No LoadTimeWeaver setup: ignoring JPA class transformer
2023-09-22T15:10:58.629+08:00  INFO 4208 --- [main] com.zaxxer.hikari.HikariDataSource       : HikariPool-1 - Starting...
2023-09-22T15:10:59.509+08:00  INFO 4208 --- [main] com.zaxxer.hikari.pool.HikariPool        : HikariPool-1 - Added connection com.mysql.cj.jdbc.ConnectionImpl@e72fb04
2023-09-22T15:10:59.512+08:00  INFO 4208 --- [main] com.zaxxer.hikari.HikariDataSource       : HikariPool-1 - Start completed.
2023-09-22T15:10:59.961+08:00  INFO 4208 --- [main] o.h.b.i.BytecodeProviderInitiator        : HHH000021: Bytecode provider name : bytebuddy
2023-09-22T15:11:00.565+08:00  INFO 4208 --- [main] o.h.e.t.j.p.i.JtaPlatformInitiator       : HHH000490: Using JtaPlatform implementation: [org.hibernate.engine.transaction.jta.platform.internal.NoJtaPlatform]
2023-09-22T15:11:03.554+08:00  INFO 4208 --- [main] j.LocalContainerEntityManagerFactoryBean : Initialized JPA EntityManagerFactory for persistence unit 'default'
2023-09-22T15:11:03.974+08:00  WARN 4208 --- [main] ConfigServletWebServerApplicationContext : Exception encountered during context initialization - cancelling refresh attempt: org.springframework.beans.factory.UnsatisfiedDependencyException: Error creating bean with name 'userContributionService' defined in file [D:\code\java\demo\build\classes\java\main\com\example\demo\service\UserContributionService.class]: Unsatisfied dependency expressed through constructor parameter 0: Error creating bean with name 'userContributionRepository' defined in com.example.demo.db.repository.UserContributionRepository defined in @EnableJpaRepositories declared on JpaRepositoriesRegistrar.EnableJpaRepositoriesConfiguration: Could not create query for public abstract java.util.List com.example.demo.db.repository.UserContributionRepository.findByUser_Id(java.lang.Long); Reason: Failed to create query for method public abstract java.util.List com.example.demo.db.repository.UserContributionRepository.findByUser_Id(java.lang.Long); No property 'user' found for type 'UserContribution'; Did you mean 'users'
2023-09-22T15:11:03.974+08:00  INFO 4208 --- [main] j.LocalContainerEntityManagerFactoryBean : Closing JPA EntityManagerFactory for persistence unit 'default'
2023-09-22T15:11:03.976+08:00  INFO 4208 --- [main] com.zaxxer.hikari.HikariDataSource       : HikariPool-1 - Shutdown initiated...
2023-09-22T15:11:04.227+08:00  INFO 4208 --- [main] com.zaxxer.hikari.HikariDataSource       : HikariPool-1 - Shutdown completed.
2023-09-22T15:11:04.229+08:00  INFO 4208 --- [main] o.apache.catalina.core.StandardService   : Stopping service [Tomcat]
2023-09-22T15:11:04.244+08:00  INFO 4208 --- [main] .s.b.a.l.ConditionEvaluationReportLogger : 

Error starting ApplicationContext. To display the condition evaluation report re-run your application with 'debug' enabled.
2023-09-22T15:11:04.259+08:00 ERROR 4208 --- [main] o.s.boot.SpringApplication               : Application run failed

org.springframework.beans.factory.UnsatisfiedDependencyException: Error creating bean with name 'userContributionService' defined in file [D:\code\java\demo\build\classes\java\main\com\example\demo\service\UserContributionService.class]: Unsatisfied dependency expressed through constructor parameter 0: Error creating bean with name 'userContributionRepository' defined in com.example.demo.db.repository.UserContributionRepository defined in @EnableJpaRepositories declared on JpaRepositoriesRegistrar.EnableJpaRepositoriesConfiguration: Could not create query for public abstract java.util.List com.example.demo.db.repository.UserContributionRepository.findByUser_Id(java.lang.Long); Reason: Failed to create query for method public abstract java.util.List com.example.demo.db.repository.UserContributionRepository.findByUser_Id(java.lang.Long); No property 'user' found for type 'UserContribution'; Did you mean 'users'
	at org.springframework.beans.factory.support.ConstructorResolver.createArgumentArray(ConstructorResolver.java:800) ~[spring-beans-6.0.11.jar:6.0.11]
	at org.springframework.beans.factory.support.ConstructorResolver.autowireConstructor(ConstructorResolver.java:245) ~[spring-beans-6.0.11.jar:6.0.11]
	at org.springframework.beans.factory.support.AbstractAutowireCapableBeanFactory.autowireConstructor(AbstractAutowireCapableBeanFactory.java:1352) ~[spring-beans-6.0.11.jar:6.0.11]
	at org.springframework.beans.factory.support.AbstractAutowireCapableBeanFactory.createBeanInstance(AbstractAutowireCapableBeanFactory.java:1189) ~[spring-beans-6.0.11.jar:6.0.11]
	at org.springframework.beans.factory.support.AbstractAutowireCapableBeanFactory.doCreateBean(AbstractAutowireCapableBeanFactory.java:560) ~[spring-beans-6.0.11.jar:6.0.11]
	at org.springframework.beans.factory.support.AbstractAutowireCapableBeanFactory.createBean(AbstractAutowireCapableBeanFactory.java:520) ~[spring-beans-6.0.11.jar:6.0.11]
	at org.springframework.beans.factory.support.AbstractBeanFactory.lambda$doGetBean$0(AbstractBeanFactory.java:326) ~[spring-beans-6.0.11.jar:6.0.11]
	at org.springframework.beans.factory.support.DefaultSingletonBeanRegistry.getSingleton(DefaultSingletonBeanRegistry.java:234) ~[spring-beans-6.0.11.jar:6.0.11]
	at org.springframework.beans.factory.support.AbstractBeanFactory.doGetBean(AbstractBeanFactory.java:324) ~[spring-beans-6.0.11.jar:6.0.11]
	at org.springframework.beans.factory.support.AbstractBeanFactory.getBean(AbstractBeanFactory.java:200) ~[spring-beans-6.0.11.jar:6.0.11]
	at org.springframework.beans.factory.support.DefaultListableBeanFactory.preInstantiateSingletons(DefaultListableBeanFactory.java:973) ~[spring-beans-6.0.11.jar:6.0.11]
	at org.springframework.context.support.AbstractApplicationContext.finishBeanFactoryInitialization(AbstractApplicationContext.java:942) ~[spring-context-6.0.11.jar:6.0.11]
	at org.springframework.context.support.AbstractApplicationContext.refresh(AbstractApplicationContext.java:608) ~[spring-context-6.0.11.jar:6.0.11]
	at org.springframework.boot.web.servlet.context.ServletWebServerApplicationContext.refresh(ServletWebServerApplicationContext.java:146) ~[spring-boot-3.1.3.jar:3.1.3]
	at org.springframework.boot.SpringApplication.refresh(SpringApplication.java:734) ~[spring-boot-3.1.3.jar:3.1.3]
	at org.springframework.boot.SpringApplication.refreshContext(SpringApplication.java:436) ~[spring-boot-3.1.3.jar:3.1.3]
	at org.springframework.boot.SpringApplication.run(SpringApplication.java:312) ~[spring-boot-3.1.3.jar:3.1.3]
	at org.springframework.boot.SpringApplication.run(SpringApplication.java:1306) ~[spring-boot-3.1.3.jar:3.1.3]
	at org.springframework.boot.SpringApplication.run(SpringApplication.java:1295) ~[spring-boot-3.1.3.jar:3.1.3]
	at com.example.demo.DemoApplication.main(DemoApplication.java:10) ~[main/:na]
Caused by: org.springframework.beans.factory.BeanCreationException: Error creating bean with name 'userContributionRepository' defined in com.example.demo.db.repository.UserContributionRepository defined in @EnableJpaRepositories declared on JpaRepositoriesRegistrar.EnableJpaRepositoriesConfiguration: Could not create query for public abstract java.util.List com.example.demo.db.repository.UserContributionRepository.findByUser_Id(java.lang.Long); Reason: Failed to create query for method public abstract java.util.List com.example.demo.db.repository.UserContributionRepository.findByUser_Id(java.lang.Long); No property 'user' found for type 'UserContribution'; Did you mean 'users'
	at org.springframework.beans.factory.support.AbstractAutowireCapableBeanFactory.initializeBean(AbstractAutowireCapableBeanFactory.java:1770) ~[spring-beans-6.0.11.jar:6.0.11]
	at org.springframework.beans.factory.support.AbstractAutowireCapableBeanFactory.doCreateBean(AbstractAutowireCapableBeanFactory.java:598) ~[spring-beans-6.0.11.jar:6.0.11]
	at org.springframework.beans.factory.support.AbstractAutowireCapableBeanFactory.createBean(AbstractAutowireCapableBeanFactory.java:520) ~[spring-beans-6.0.11.jar:6.0.11]
	at org.springframework.beans.factory.support.AbstractBeanFactory.lambda$doGetBean$0(AbstractBeanFactory.java:326) ~[spring-beans-6.0.11.jar:6.0.11]
	at org.springframework.beans.factory.support.DefaultSingletonBeanRegistry.getSingleton(DefaultSingletonBeanRegistry.java:234) ~[spring-beans-6.0.11.jar:6.0.11]
	at org.springframework.beans.factory.support.AbstractBeanFactory.doGetBean(AbstractBeanFactory.java:324) ~[spring-beans-6.0.11.jar:6.0.11]
	at org.springframework.beans.factory.support.AbstractBeanFactory.getBean(AbstractBeanFactory.java:200) ~[spring-beans-6.0.11.jar:6.0.11]
	at org.springframework.beans.factory.config.DependencyDescriptor.resolveCandidate(DependencyDescriptor.java:254) ~[spring-beans-6.0.11.jar:6.0.11]
	at org.springframework.beans.factory.support.DefaultListableBeanFactory.doResolveDependency(DefaultListableBeanFactory.java:1417) ~[spring-beans-6.0.11.jar:6.0.11]
	at org.springframework.beans.factory.support.DefaultListableBeanFactory.resolveDependency(DefaultListableBeanFactory.java:1337) ~[spring-beans-6.0.11.jar:6.0.11]
	at org.springframework.beans.factory.support.ConstructorResolver.resolveAutowiredArgument(ConstructorResolver.java:888) ~[spring-beans-6.0.11.jar:6.0.11]
	at org.springframework.beans.factory.support.ConstructorResolver.createArgumentArray(ConstructorResolver.java:791) ~[spring-beans-6.0.11.jar:6.0.11]
	... 19 common frames omitted
Caused by: org.springframework.data.repository.query.QueryCreationException: Could not create query for public abstract java.util.List com.example.demo.db.repository.UserContributionRepository.findByUser_Id(java.lang.Long); Reason: Failed to create query for method public abstract java.util.List com.example.demo.db.repository.UserContributionRepository.findByUser_Id(java.lang.Long); No property 'user' found for type 'UserContribution'; Did you mean 'users'
	at org.springframework.data.repository.query.QueryCreationException.create(QueryCreationException.java:101) ~[spring-data-commons-3.1.3.jar:3.1.3]
	at org.springframework.data.repository.core.support.QueryExecutorMethodInterceptor.lookupQuery(QueryExecutorMethodInterceptor.java:115) ~[spring-data-commons-3.1.3.jar:3.1.3]
	at org.springframework.data.repository.core.support.QueryExecutorMethodInterceptor.mapMethodsToQuery(QueryExecutorMethodInterceptor.java:99) ~[spring-data-commons-3.1.3.jar:3.1.3]
	at org.springframework.data.repository.core.support.QueryExecutorMethodInterceptor.lambda$new$0(QueryExecutorMethodInterceptor.java:88) ~[spring-data-commons-3.1.3.jar:3.1.3]
	at java.base/java.util.Optional.map(Optional.java:260) ~[na:na]
	at org.springframework.data.repository.core.support.QueryExecutorMethodInterceptor.<init>(QueryExecutorMethodInterceptor.java:88) ~[spring-data-commons-3.1.3.jar:3.1.3]
	at org.springframework.data.repository.core.support.RepositoryFactorySupport.getRepository(RepositoryFactorySupport.java:357) ~[spring-data-commons-3.1.3.jar:3.1.3]
	at org.springframework.data.repository.core.support.RepositoryFactoryBeanSupport.lambda$afterPropertiesSet$5(RepositoryFactoryBeanSupport.java:279) ~[spring-data-commons-3.1.3.jar:3.1.3]
	at org.springframework.data.util.Lazy.getNullable(Lazy.java:245) ~[spring-data-commons-3.1.3.jar:3.1.3]
	at org.springframework.data.util.Lazy.get(Lazy.java:114) ~[spring-data-commons-3.1.3.jar:3.1.3]
	at org.springframework.data.repository.core.support.RepositoryFactoryBeanSupport.afterPropertiesSet(RepositoryFactoryBeanSupport.java:285) ~[spring-data-commons-3.1.3.jar:3.1.3]
	at org.springframework.data.jpa.repository.support.JpaRepositoryFactoryBean.afterPropertiesSet(JpaRepositoryFactoryBean.java:132) ~[spring-data-jpa-3.1.3.jar:3.1.3]
	at org.springframework.beans.factory.support.AbstractAutowireCapableBeanFactory.invokeInitMethods(AbstractAutowireCapableBeanFactory.java:1817) ~[spring-beans-6.0.11.jar:6.0.11]
	at org.springframework.beans.factory.support.AbstractAutowireCapableBeanFactory.initializeBean(AbstractAutowireCapableBeanFactory.java:1766) ~[spring-beans-6.0.11.jar:6.0.11]
	... 30 common frames omitted
Caused by: java.lang.IllegalArgumentException: Failed to create query for method public abstract java.util.List com.example.demo.db.repository.UserContributionRepository.findByUser_Id(java.lang.Long); No property 'user' found for type 'UserContribution'; Did you mean 'users'
	at org.springframework.data.jpa.repository.query.PartTreeJpaQuery.<init>(PartTreeJpaQuery.java:107) ~[spring-data-jpa-3.1.3.jar:3.1.3]
	at org.springframework.data.jpa.repository.query.JpaQueryLookupStrategy$CreateQueryLookupStrategy.resolveQuery(JpaQueryLookupStrategy.java:124) ~[spring-data-jpa-3.1.3.jar:3.1.3]
	at org.springframework.data.jpa.repository.query.JpaQueryLookupStrategy$CreateIfNotFoundQueryLookupStrategy.resolveQuery(JpaQueryLookupStrategy.java:258) ~[spring-data-jpa-3.1.3.jar:3.1.3]
	at org.springframework.data.jpa.repository.query.JpaQueryLookupStrategy$AbstractQueryLookupStrategy.resolveQuery(JpaQueryLookupStrategy.java:95) ~[spring-data-jpa-3.1.3.jar:3.1.3]
	at org.springframework.data.repository.core.support.QueryExecutorMethodInterceptor.lookupQuery(QueryExecutorMethodInterceptor.java:111) ~[spring-data-commons-3.1.3.jar:3.1.3]
	... 42 common frames omitted
Caused by: org.springframework.data.mapping.PropertyReferenceException: No property 'user' found for type 'UserContribution'; Did you mean 'users'
	at org.springframework.data.mapping.PropertyPath.<init>(PropertyPath.java:90) ~[spring-data-commons-3.1.3.jar:3.1.3]
	at org.springframework.data.mapping.PropertyPath.create(PropertyPath.java:405) ~[spring-data-commons-3.1.3.jar:3.1.3]
	at org.springframework.data.mapping.PropertyPath.create(PropertyPath.java:381) ~[spring-data-commons-3.1.3.jar:3.1.3]
	at org.springframework.data.mapping.PropertyPath.lambda$from$0(PropertyPath.java:334) ~[spring-data-commons-3.1.3.jar:3.1.3]
	at java.base/java.util.concurrent.ConcurrentMap.computeIfAbsent(ConcurrentMap.java:330) ~[na:na]
	at org.springframework.data.mapping.PropertyPath.from(PropertyPath.java:316) ~[spring-data-commons-3.1.3.jar:3.1.3]
	at org.springframework.data.mapping.PropertyPath.from(PropertyPath.java:299) ~[spring-data-commons-3.1.3.jar:3.1.3]
	at org.springframework.data.repository.query.parser.Part.<init>(Part.java:81) ~[spring-data-commons-3.1.3.jar:3.1.3]
	at org.springframework.data.repository.query.parser.PartTree$OrPart.lambda$new$0(PartTree.java:242) ~[spring-data-commons-3.1.3.jar:3.1.3]
	at java.base/java.util.stream.ReferencePipeline$3$1.accept(ReferencePipeline.java:197) ~[na:na]
	at java.base/java.util.stream.ReferencePipeline$2$1.accept(ReferencePipeline.java:179) ~[na:na]
	at java.base/java.util.Spliterators$ArraySpliterator.forEachRemaining(Spliterators.java:992) ~[na:na]
	at java.base/java.util.stream.AbstractPipeline.copyInto(AbstractPipeline.java:509) ~[na:na]
	at java.base/java.util.stream.AbstractPipeline.wrapAndCopyInto(AbstractPipeline.java:499) ~[na:na]
	at java.base/java.util.stream.ReduceOps$ReduceOp.evaluateSequential(ReduceOps.java:921) ~[na:na]
	at java.base/java.util.stream.AbstractPipeline.evaluate(AbstractPipeline.java:234) ~[na:na]
	at java.base/java.util.stream.ReferencePipeline.collect(ReferencePipeline.java:682) ~[na:na]
	at org.springframework.data.repository.query.parser.PartTree$OrPart.<init>(PartTree.java:243) ~[spring-data-commons-3.1.3.jar:3.1.3]
	at org.springframework.data.repository.query.parser.PartTree$Predicate.lambda$new$0(PartTree.java:372) ~[spring-data-commons-3.1.3.jar:3.1.3]
	at java.base/java.util.stream.ReferencePipeline$3$1.accept(ReferencePipeline.java:197) ~[na:na]
	at java.base/java.util.stream.ReferencePipeline$2$1.accept(ReferencePipeline.java:179) ~[na:na]
	at java.base/java.util.Spliterators$ArraySpliterator.forEachRemaining(Spliterators.java:992) ~[na:na]
	at java.base/java.util.stream.AbstractPipeline.copyInto(AbstractPipeline.java:509) ~[na:na]
	at java.base/java.util.stream.AbstractPipeline.wrapAndCopyInto(AbstractPipeline.java:499) ~[na:na]
	at java.base/java.util.stream.ReduceOps$ReduceOp.evaluateSequential(ReduceOps.java:921) ~[na:na]
	at java.base/java.util.stream.AbstractPipeline.evaluate(AbstractPipeline.java:234) ~[na:na]
	at java.base/java.util.stream.ReferencePipeline.collect(ReferencePipeline.java:682) ~[na:na]
	at org.springframework.data.repository.query.parser.PartTree$Predicate.<init>(PartTree.java:373) ~[spring-data-commons-3.1.3.jar:3.1.3]
	at org.springframework.data.repository.query.parser.PartTree.<init>(PartTree.java:96) ~[spring-data-commons-3.1.3.jar:3.1.3]
	at org.springframework.data.jpa.repository.query.PartTreeJpaQuery.<init>(PartTreeJpaQuery.java:100) ~[spring-data-jpa-3.1.3.jar:3.1.3]
	... 46 common frames omitted

2023-09-22T15:11:46.642+08:00  INFO 2708 --- [main] com.example.demo.DemoApplication         : Starting DemoApplication using Java 17.0.8 with PID 2708 (D:\code\java\demo\build\classes\java\main started by liu__ in D:\code\java\demo)
2023-09-22T15:11:46.644+08:00  INFO 2708 --- [main] com.example.demo.DemoApplication         : No active profile set, falling back to 1 default profile: "default"
2023-09-22T15:11:47.337+08:00  INFO 2708 --- [main] .s.d.r.c.RepositoryConfigurationDelegate : Bootstrapping Spring Data JPA repositories in DEFAULT mode.
2023-09-22T15:11:47.394+08:00  INFO 2708 --- [main] .s.d.r.c.RepositoryConfigurationDelegate : Finished Spring Data repository scanning in 51 ms. Found 4 JPA repository interfaces.
2023-09-22T15:11:47.834+08:00  INFO 2708 --- [main] o.s.b.w.embedded.tomcat.TomcatWebServer  : Tomcat initialized with port(s): 8090 (http)
2023-09-22T15:11:47.841+08:00  INFO 2708 --- [main] o.apache.catalina.core.StandardService   : Starting service [Tomcat]
2023-09-22T15:11:47.842+08:00  INFO 2708 --- [main] o.apache.catalina.core.StandardEngine    : Starting Servlet engine: [Apache Tomcat/10.1.12]
2023-09-22T15:11:47.916+08:00  INFO 2708 --- [main] o.a.c.c.C.[Tomcat].[localhost].[/]       : Initializing Spring embedded WebApplicationContext
2023-09-22T15:11:47.916+08:00  INFO 2708 --- [main] w.s.c.ServletWebServerApplicationContext : Root WebApplicationContext: initialization completed in 1237 ms
2023-09-22T15:11:48.085+08:00  INFO 2708 --- [main] o.hibernate.jpa.internal.util.LogHelper  : HHH000204: Processing PersistenceUnitInfo [name: default]
2023-09-22T15:11:48.130+08:00  INFO 2708 --- [main] org.hibernate.Version                    : HHH000412: Hibernate ORM core version 6.2.7.Final
2023-09-22T15:11:48.132+08:00  INFO 2708 --- [main] org.hibernate.cfg.Environment            : HHH000406: Using bytecode reflection optimizer
2023-09-22T15:11:48.247+08:00  INFO 2708 --- [main] o.h.b.i.BytecodeProviderInitiator        : HHH000021: Bytecode provider name : bytebuddy
2023-09-22T15:11:48.377+08:00  INFO 2708 --- [main] o.s.o.j.p.SpringPersistenceUnitInfo      : No LoadTimeWeaver setup: ignoring JPA class transformer
2023-09-22T15:11:48.391+08:00  INFO 2708 --- [main] com.zaxxer.hikari.HikariDataSource       : HikariPool-1 - Starting...
2023-09-22T15:11:49.014+08:00  INFO 2708 --- [main] com.zaxxer.hikari.pool.HikariPool        : HikariPool-1 - Added connection com.mysql.cj.jdbc.ConnectionImpl@3e04abc5
2023-09-22T15:11:49.016+08:00  INFO 2708 --- [main] com.zaxxer.hikari.HikariDataSource       : HikariPool-1 - Start completed.
2023-09-22T15:11:49.392+08:00  INFO 2708 --- [main] o.h.b.i.BytecodeProviderInitiator        : HHH000021: Bytecode provider name : bytebuddy
2023-09-22T15:11:49.977+08:00  INFO 2708 --- [main] o.h.e.t.j.p.i.JtaPlatformInitiator       : HHH000490: Using JtaPlatform implementation: [org.hibernate.engine.transaction.jta.platform.internal.NoJtaPlatform]
2023-09-22T15:11:52.068+08:00  INFO 2708 --- [main] j.LocalContainerEntityManagerFactoryBean : Initialized JPA EntityManagerFactory for persistence unit 'default'
2023-09-22T15:11:52.470+08:00  WARN 2708 --- [main] JpaBaseConfiguration$JpaWebConfiguration : spring.jpa.open-in-view is enabled by default. Therefore, database queries may be performed during view rendering. Explicitly configure spring.jpa.open-in-view to disable this warning
2023-09-22T15:11:52.725+08:00  INFO 2708 --- [main] o.s.b.a.e.web.EndpointLinksResolver      : Exposing 1 endpoint(s) beneath base path '/actuator'
2023-09-22T15:11:52.761+08:00  INFO 2708 --- [main] o.s.s.web.DefaultSecurityFilterChain     : Will secure any request with [org.springframework.security.web.session.DisableEncodeUrlFilter@22c14d10, org.springframework.security.web.context.request.async.WebAsyncManagerIntegrationFilter@66be0e72, org.springframework.security.web.context.SecurityContextHolderFilter@6023b54f, org.springframework.security.web.header.HeaderWriterFilter@5c450960, org.springframework.security.web.authentication.logout.LogoutFilter@4d86f330, com.example.demo.security.filter.LoginFilter@3a678e40, org.springframework.security.web.authentication.UsernamePasswordAuthenticationFilter@5dd5422f, org.springframework.security.web.savedrequest.RequestCacheAwareFilter@15e881c0, org.springframework.security.web.servletapi.SecurityContextHolderAwareRequestFilter@1ddc5857, org.springframework.security.web.authentication.rememberme.RememberMeAuthenticationFilter@e594c46, org.springframework.security.web.access.ExceptionTranslationFilter@6b6cf3c1, org.springframework.security.web.access.intercept.AuthorizationFilter@5578ed7e]
2023-09-22T15:11:52.992+08:00  INFO 2708 --- [main] o.s.b.w.embedded.tomcat.TomcatWebServer  : Tomcat started on port(s): 8090 (http) with context path ''
2023-09-22T15:11:53.003+08:00  INFO 2708 --- [main] com.example.demo.DemoApplication         : Started DemoApplication in 6.685 seconds (process running for 7.233)
2023-09-22T15:11:53.589+08:00  INFO 2708 --- [RMI TCP Connection(3)-192.168.203.1] o.a.c.c.C.[Tomcat].[localhost].[/]       : Initializing Spring DispatcherServlet 'dispatcherServlet'
2023-09-22T15:11:53.590+08:00  INFO 2708 --- [RMI TCP Connection(3)-192.168.203.1] o.s.web.servlet.DispatcherServlet        : Initializing Servlet 'dispatcherServlet'
2023-09-22T15:11:53.591+08:00  INFO 2708 --- [RMI TCP Connection(3)-192.168.203.1] o.s.web.servlet.DispatcherServlet        : Completed initialization in 1 ms
2023-09-22T15:15:54.352+08:00  INFO 2708 --- [SpringApplicationShutdownHook] j.LocalContainerEntityManagerFactoryBean : Closing JPA EntityManagerFactory for persistence unit 'default'
2023-09-22T15:15:54.354+08:00  INFO 2708 --- [SpringApplicationShutdownHook] com.zaxxer.hikari.HikariDataSource       : HikariPool-1 - Shutdown initiated...
2023-09-22T15:15:54.360+08:00  INFO 2708 --- [SpringApplicationShutdownHook] com.zaxxer.hikari.HikariDataSource       : HikariPool-1 - Shutdown completed.
2023-09-22T15:15:59.236+08:00  INFO 3124 --- [main] com.example.demo.DemoApplication         : Starting DemoApplication using Java 17.0.8 with PID 3124 (D:\code\java\demo\build\classes\java\main started by liu__ in D:\code\java\demo)
2023-09-22T15:15:59.238+08:00  INFO 3124 --- [main] com.example.demo.DemoApplication         : No active profile set, falling back to 1 default profile: "default"
2023-09-22T15:15:59.967+08:00  INFO 3124 --- [main] .s.d.r.c.RepositoryConfigurationDelegate : Bootstrapping Spring Data JPA repositories in DEFAULT mode.
2023-09-22T15:16:00.025+08:00  INFO 3124 --- [main] .s.d.r.c.RepositoryConfigurationDelegate : Finished Spring Data repository scanning in 52 ms. Found 4 JPA repository interfaces.
2023-09-22T15:16:00.490+08:00  INFO 3124 --- [main] o.s.b.w.embedded.tomcat.TomcatWebServer  : Tomcat initialized with port(s): 8090 (http)
2023-09-22T15:16:00.497+08:00  INFO 3124 --- [main] o.apache.catalina.core.StandardService   : Starting service [Tomcat]
2023-09-22T15:16:00.497+08:00  INFO 3124 --- [main] o.apache.catalina.core.StandardEngine    : Starting Servlet engine: [Apache Tomcat/10.1.12]
2023-09-22T15:16:00.569+08:00  INFO 3124 --- [main] o.a.c.c.C.[Tomcat].[localhost].[/]       : Initializing Spring embedded WebApplicationContext
2023-09-22T15:16:00.569+08:00  INFO 3124 --- [main] w.s.c.ServletWebServerApplicationContext : Root WebApplicationContext: initialization completed in 1294 ms
2023-09-22T15:16:00.740+08:00  INFO 3124 --- [main] o.hibernate.jpa.internal.util.LogHelper  : HHH000204: Processing PersistenceUnitInfo [name: default]
2023-09-22T15:16:00.794+08:00  INFO 3124 --- [main] org.hibernate.Version                    : HHH000412: Hibernate ORM core version 6.2.7.Final
2023-09-22T15:16:00.797+08:00  INFO 3124 --- [main] org.hibernate.cfg.Environment            : HHH000406: Using bytecode reflection optimizer
2023-09-22T15:16:00.928+08:00  INFO 3124 --- [main] o.h.b.i.BytecodeProviderInitiator        : HHH000021: Bytecode provider name : bytebuddy
2023-09-22T15:16:01.053+08:00  INFO 3124 --- [main] o.s.o.j.p.SpringPersistenceUnitInfo      : No LoadTimeWeaver setup: ignoring JPA class transformer
2023-09-22T15:16:01.066+08:00  INFO 3124 --- [main] com.zaxxer.hikari.HikariDataSource       : HikariPool-1 - Starting...
2023-09-22T15:16:01.501+08:00  INFO 3124 --- [main] com.zaxxer.hikari.pool.HikariPool        : HikariPool-1 - Added connection com.mysql.cj.jdbc.ConnectionImpl@63326a3a
2023-09-22T15:16:01.503+08:00  INFO 3124 --- [main] com.zaxxer.hikari.HikariDataSource       : HikariPool-1 - Start completed.
2023-09-22T15:16:01.814+08:00  INFO 3124 --- [main] o.h.b.i.BytecodeProviderInitiator        : HHH000021: Bytecode provider name : bytebuddy
2023-09-22T15:16:02.406+08:00  INFO 3124 --- [main] o.h.e.t.j.p.i.JtaPlatformInitiator       : HHH000490: Using JtaPlatform implementation: [org.hibernate.engine.transaction.jta.platform.internal.NoJtaPlatform]
2023-09-22T15:16:04.182+08:00  INFO 3124 --- [main] j.LocalContainerEntityManagerFactoryBean : Initialized JPA EntityManagerFactory for persistence unit 'default'
2023-09-22T15:16:04.593+08:00  WARN 3124 --- [main] JpaBaseConfiguration$JpaWebConfiguration : spring.jpa.open-in-view is enabled by default. Therefore, database queries may be performed during view rendering. Explicitly configure spring.jpa.open-in-view to disable this warning
2023-09-22T15:16:04.891+08:00  INFO 3124 --- [main] o.s.b.a.e.web.EndpointLinksResolver      : Exposing 1 endpoint(s) beneath base path '/actuator'
2023-09-22T15:16:04.936+08:00  INFO 3124 --- [main] o.s.s.web.DefaultSecurityFilterChain     : Will secure any request with [org.springframework.security.web.session.DisableEncodeUrlFilter@6cd8c373, org.springframework.security.web.context.request.async.WebAsyncManagerIntegrationFilter@449f9628, org.springframework.security.web.context.SecurityContextHolderFilter@344f4a82, org.springframework.security.web.header.HeaderWriterFilter@2ac00dc9, org.springframework.security.web.authentication.logout.LogoutFilter@77737e3e, com.example.demo.security.filter.LoginFilter@255482cb, org.springframework.security.web.authentication.UsernamePasswordAuthenticationFilter@42bbd21c, org.springframework.security.web.savedrequest.RequestCacheAwareFilter@6441cff1, org.springframework.security.web.servletapi.SecurityContextHolderAwareRequestFilter@66694050, org.springframework.security.web.authentication.rememberme.RememberMeAuthenticationFilter@28901fe7, org.springframework.security.web.access.ExceptionTranslationFilter@28be7db5, org.springframework.security.web.access.intercept.AuthorizationFilter@6f0df74]
2023-09-22T15:16:05.191+08:00  INFO 3124 --- [main] o.s.b.w.embedded.tomcat.TomcatWebServer  : Tomcat started on port(s): 8090 (http) with context path ''
2023-09-22T15:16:05.202+08:00  INFO 3124 --- [main] com.example.demo.DemoApplication         : Started DemoApplication in 6.298 seconds (process running for 6.863)
2023-09-22T15:16:05.722+08:00  INFO 3124 --- [RMI TCP Connection(5)-192.168.203.1] o.a.c.c.C.[Tomcat].[localhost].[/]       : Initializing Spring DispatcherServlet 'dispatcherServlet'
2023-09-22T15:16:05.722+08:00  INFO 3124 --- [RMI TCP Connection(5)-192.168.203.1] o.s.web.servlet.DispatcherServlet        : Initializing Servlet 'dispatcherServlet'
2023-09-22T15:16:05.723+08:00  INFO 3124 --- [RMI TCP Connection(5)-192.168.203.1] o.s.web.servlet.DispatcherServlet        : Completed initialization in 1 ms
2023-09-22T15:19:08.900+08:00  INFO 3124 --- [SpringApplicationShutdownHook] j.LocalContainerEntityManagerFactoryBean : Closing JPA EntityManagerFactory for persistence unit 'default'
2023-09-22T15:19:08.901+08:00  INFO 3124 --- [SpringApplicationShutdownHook] com.zaxxer.hikari.HikariDataSource       : HikariPool-1 - Shutdown initiated...
2023-09-22T15:19:08.910+08:00  INFO 3124 --- [SpringApplicationShutdownHook] com.zaxxer.hikari.HikariDataSource       : HikariPool-1 - Shutdown completed.
2023-09-22T15:19:13.688+08:00  INFO 19536 --- [main] com.example.demo.DemoApplication         : Starting DemoApplication using Java 17.0.8 with PID 19536 (D:\code\java\demo\build\classes\java\main started by liu__ in D:\code\java\demo)
2023-09-22T15:19:13.690+08:00  INFO 19536 --- [main] com.example.demo.DemoApplication         : No active profile set, falling back to 1 default profile: "default"
2023-09-22T15:19:14.419+08:00  INFO 19536 --- [main] .s.d.r.c.RepositoryConfigurationDelegate : Bootstrapping Spring Data JPA repositories in DEFAULT mode.
2023-09-22T15:19:14.493+08:00  INFO 19536 --- [main] .s.d.r.c.RepositoryConfigurationDelegate : Finished Spring Data repository scanning in 66 ms. Found 4 JPA repository interfaces.
2023-09-22T15:19:14.993+08:00  INFO 19536 --- [main] o.s.b.w.embedded.tomcat.TomcatWebServer  : Tomcat initialized with port(s): 8090 (http)
2023-09-22T15:19:15.000+08:00  INFO 19536 --- [main] o.apache.catalina.core.StandardService   : Starting service [Tomcat]
2023-09-22T15:19:15.000+08:00  INFO 19536 --- [main] o.apache.catalina.core.StandardEngine    : Starting Servlet engine: [Apache Tomcat/10.1.12]
2023-09-22T15:19:15.070+08:00  INFO 19536 --- [main] o.a.c.c.C.[Tomcat].[localhost].[/]       : Initializing Spring embedded WebApplicationContext
2023-09-22T15:19:15.070+08:00  INFO 19536 --- [main] w.s.c.ServletWebServerApplicationContext : Root WebApplicationContext: initialization completed in 1342 ms
2023-09-22T15:19:15.240+08:00  INFO 19536 --- [main] o.hibernate.jpa.internal.util.LogHelper  : HHH000204: Processing PersistenceUnitInfo [name: default]
2023-09-22T15:19:15.286+08:00  INFO 19536 --- [main] org.hibernate.Version                    : HHH000412: Hibernate ORM core version 6.2.7.Final
2023-09-22T15:19:15.288+08:00  INFO 19536 --- [main] org.hibernate.cfg.Environment            : HHH000406: Using bytecode reflection optimizer
2023-09-22T15:19:15.406+08:00  INFO 19536 --- [main] o.h.b.i.BytecodeProviderInitiator        : HHH000021: Bytecode provider name : bytebuddy
2023-09-22T15:19:15.536+08:00  INFO 19536 --- [main] o.s.o.j.p.SpringPersistenceUnitInfo      : No LoadTimeWeaver setup: ignoring JPA class transformer
2023-09-22T15:19:15.550+08:00  INFO 19536 --- [main] com.zaxxer.hikari.HikariDataSource       : HikariPool-1 - Starting...
2023-09-22T15:19:16.029+08:00  INFO 19536 --- [main] com.zaxxer.hikari.pool.HikariPool        : HikariPool-1 - Added connection com.mysql.cj.jdbc.ConnectionImpl@1a5b7394
2023-09-22T15:19:16.032+08:00  INFO 19536 --- [main] com.zaxxer.hikari.HikariDataSource       : HikariPool-1 - Start completed.
2023-09-22T15:19:16.370+08:00  INFO 19536 --- [main] o.h.b.i.BytecodeProviderInitiator        : HHH000021: Bytecode provider name : bytebuddy
2023-09-22T15:19:16.970+08:00  INFO 19536 --- [main] o.h.e.t.j.p.i.JtaPlatformInitiator       : HHH000490: Using JtaPlatform implementation: [org.hibernate.engine.transaction.jta.platform.internal.NoJtaPlatform]
2023-09-22T15:19:18.460+08:00  INFO 19536 --- [main] j.LocalContainerEntityManagerFactoryBean : Initialized JPA EntityManagerFactory for persistence unit 'default'
2023-09-22T15:19:18.870+08:00  WARN 19536 --- [main] JpaBaseConfiguration$JpaWebConfiguration : spring.jpa.open-in-view is enabled by default. Therefore, database queries may be performed during view rendering. Explicitly configure spring.jpa.open-in-view to disable this warning
2023-09-22T15:19:19.157+08:00  INFO 19536 --- [main] o.s.b.a.e.web.EndpointLinksResolver      : Exposing 1 endpoint(s) beneath base path '/actuator'
2023-09-22T15:19:19.195+08:00  INFO 19536 --- [main] o.s.s.web.DefaultSecurityFilterChain     : Will secure any request with [org.springframework.security.web.session.DisableEncodeUrlFilter@189f9f9f, org.springframework.security.web.context.request.async.WebAsyncManagerIntegrationFilter@5b908c6d, org.springframework.security.web.context.SecurityContextHolderFilter@3c3357c7, org.springframework.security.web.header.HeaderWriterFilter@109f95b1, org.springframework.security.web.authentication.logout.LogoutFilter@2e41b65a, com.example.demo.security.filter.LoginFilter@44a1ae4e, org.springframework.security.web.authentication.UsernamePasswordAuthenticationFilter@369d624d, org.springframework.security.web.savedrequest.RequestCacheAwareFilter@1bdb6b36, org.springframework.security.web.servletapi.SecurityContextHolderAwareRequestFilter@655d5285, org.springframework.security.web.authentication.rememberme.RememberMeAuthenticationFilter@a6924ad, org.springframework.security.web.access.ExceptionTranslationFilter@f36c8b1, org.springframework.security.web.access.intercept.AuthorizationFilter@1235732d]
2023-09-22T15:19:19.449+08:00  INFO 19536 --- [main] o.s.b.w.embedded.tomcat.TomcatWebServer  : Tomcat started on port(s): 8090 (http) with context path ''
2023-09-22T15:19:19.459+08:00  INFO 19536 --- [main] com.example.demo.DemoApplication         : Started DemoApplication in 6.143 seconds (process running for 6.711)
2023-09-22T15:19:19.716+08:00  INFO 19536 --- [RMI TCP Connection(6)-192.168.203.1] o.a.c.c.C.[Tomcat].[localhost].[/]       : Initializing Spring DispatcherServlet 'dispatcherServlet'
2023-09-22T15:19:19.717+08:00  INFO 19536 --- [RMI TCP Connection(6)-192.168.203.1] o.s.web.servlet.DispatcherServlet        : Initializing Servlet 'dispatcherServlet'
2023-09-22T15:19:19.718+08:00  INFO 19536 --- [RMI TCP Connection(6)-192.168.203.1] o.s.web.servlet.DispatcherServlet        : Completed initialization in 1 ms
2023-09-22T15:58:31.911+08:00  INFO 19536 --- [SpringApplicationShutdownHook] j.LocalContainerEntityManagerFactoryBean : Closing JPA EntityManagerFactory for persistence unit 'default'
2023-09-22T15:58:31.912+08:00  INFO 19536 --- [SpringApplicationShutdownHook] com.zaxxer.hikari.HikariDataSource       : HikariPool-1 - Shutdown initiated...
2023-09-22T15:58:31.915+08:00  INFO 19536 --- [SpringApplicationShutdownHook] com.zaxxer.hikari.HikariDataSource       : HikariPool-1 - Shutdown completed.
